TN:
SF:src\controllers\authentication.js
FN:7,(anonymous_0)
FN:35,(anonymous_1)
FNF:2
FNH:1
FNDA:4,(anonymous_0)
FNDA:0,(anonymous_1)
DA:2,1
DA:3,1
DA:7,1
DA:8,4
DA:9,4
DA:10,4
DA:11,1
DA:14,3
DA:15,2
DA:16,1
DA:19,1
DA:20,1
DA:28,1
DA:30,1
DA:31,1
DA:35,1
DA:36,0
DA:37,0
DA:38,0
DA:39,0
DA:43,0
DA:44,0
DA:45,0
DA:49,0
DA:52,0
DA:53,0
DA:56,0
DA:57,0
DA:59,0
DA:60,0
DA:62,0
DA:65,0
DA:66,0
LF:33
LH:16
BRDA:10,0,0,1
BRDA:10,0,1,3
BRDA:10,1,0,4
BRDA:10,1,1,3
BRDA:15,2,0,1
BRDA:15,2,1,1
BRDA:38,3,0,0
BRDA:38,3,1,0
BRDA:38,4,0,0
BRDA:38,4,1,0
BRDA:44,5,0,0
BRDA:44,5,1,0
BRDA:52,6,0,0
BRDA:52,6,1,0
BRF:14
BRH:6
end_of_record
TN:
SF:src\controllers\userDelete.js
FN:7,(anonymous_0)
FNF:1
FNH:1
FNDA:2,(anonymous_0)
DA:1,1
DA:3,1
DA:7,1
DA:8,2
DA:10,2
DA:11,2
DA:12,1
DA:15,1
LF:8
LH:8
BRF:0
BRH:0
end_of_record
TN:
SF:src\controllers\users.js
FN:5,(anonymous_0)
FNF:1
FNH:1
FNDA:2,(anonymous_0)
DA:1,1
DA:3,1
DA:5,1
DA:6,2
DA:7,2
DA:8,1
DA:10,1
DA:11,1
LF:8
LH:8
BRF:0
BRH:0
end_of_record
TN:
SF:src\db\users.js
FN:16,(anonymous_0)
FN:17,(anonymous_1)
FN:19,(anonymous_2)
FN:21,(anonymous_3)
FN:22,(anonymous_4)
FN:27,(anonymous_5)
FN:28,(anonymous_6)
FNF:7
FNH:0
FNDA:0,(anonymous_0)
FNDA:0,(anonymous_1)
FNDA:0,(anonymous_2)
FNDA:0,(anonymous_3)
FNDA:0,(anonymous_4)
FNDA:0,(anonymous_5)
FNDA:0,(anonymous_6)
DA:1,3
DA:4,3
DA:13,3
DA:16,3
DA:17,3
DA:19,3
DA:21,3
DA:22,3
DA:23,0
DA:25,0
DA:27,3
DA:28,3
DA:30,3
LF:13
LH:11
BRF:0
BRH:0
end_of_record
TN:
SF:src\helpers\index.js
FN:6,(anonymous_0)
FN:7,(anonymous_1)
FNF:2
FNH:0
FNDA:0,(anonymous_0)
FNDA:0,(anonymous_1)
DA:1,1
DA:3,1
DA:6,1
DA:7,1
DA:8,0
DA:11,1
LF:6
LH:5
BRF:0
BRH:0
end_of_record
